<?xml version="1.0" encoding="UTF-8"?>
<robot generator="Robot 6.0.2 (Python 3.11.2 on darwin)" generated="20230307 08:35:27.524" rpa="false" schemaversion="3">
<suite id="s1" name="ShoppingPage Testcases" source="/Users/vetri/Downloads/RF_DemoStore/testcases/ShoppingPage_Testcases.robot">
<test id="s1-t1" name="Automation on Demo Store Super Sqa Clothing to add a product" line="11">
<kw name="Login into demoStoreSuperSqa Clothing" library="ShoppingPage_keywords">
<kw name="Launch Browser" library="UICommonKeywords">
<kw name="Open Browser" library="SeleniumLibrary">
<arg>http://demostore.supersqa.com/</arg>
<arg>chrome</arg>
<doc>Opens a new browser instance to the optional ``url``.</doc>
<msg timestamp="20230307 08:35:27.612" level="INFO">Opening browser 'chrome' to base url 'http://demostore.supersqa.com/'.</msg>
<status status="PASS" starttime="20230307 08:35:27.612" endtime="20230307 08:36:11.486"/>
</kw>
<kw name="Maximize Browser Window" library="SeleniumLibrary">
<doc>Maximizes current browser window.</doc>
<status status="PASS" starttime="20230307 08:36:11.487" endtime="20230307 08:36:11.904"/>
</kw>
<status status="PASS" starttime="20230307 08:35:27.612" endtime="20230307 08:36:11.905"/>
</kw>
<kw name="Click Element" library="SeleniumLibrary">
<arg>${navigate_to_login_page}</arg>
<doc>Click the element identified by ``locator``.</doc>
<msg timestamp="20230307 08:36:11.906" level="INFO">Clicking element '//a[@href='http://demostore.supersqa.com/my-account/'][1]'.</msg>
<status status="PASS" starttime="20230307 08:36:11.905" endtime="20230307 08:36:13.478"/>
</kw>
<kw name="Input Text" library="SeleniumLibrary">
<arg>${login_username_textbox}</arg>
<arg>${EMAIL}</arg>
<doc>Types the given ``text`` into the text field identified by ``locator``.</doc>
<msg timestamp="20230307 08:36:13.479" level="INFO">Typing text 'vetriveld35@gmail.com' into text field '//input[@id='username']'.</msg>
<status status="PASS" starttime="20230307 08:36:13.478" endtime="20230307 08:36:13.786"/>
</kw>
<kw name="Input Password" library="SeleniumLibrary">
<arg>${login_password_textbox}</arg>
<arg>${PASSWORD}</arg>
<doc>Types the given password into the text field identified by ``locator``.</doc>
<msg timestamp="20230307 08:36:13.786" level="INFO">Typing password into text field '//input[@id='password']'.</msg>
<msg timestamp="20230307 08:36:13.831" level="INFO">Temporally setting log level to: NONE</msg>
<msg timestamp="20230307 08:36:13.909" level="INFO">Log level changed from NONE to INFO.</msg>
<status status="PASS" starttime="20230307 08:36:13.786" endtime="20230307 08:36:13.909"/>
</kw>
<kw name="Click Element" library="SeleniumLibrary">
<arg>${login_submit_button}</arg>
<doc>Click the element identified by ``locator``.</doc>
<msg timestamp="20230307 08:36:13.910" level="INFO">Clicking element '//button[contains(text(),'Log in')]'.</msg>
<status status="PASS" starttime="20230307 08:36:13.909" endtime="20230307 08:36:14.989"/>
</kw>
<kw name="Page Should Contain" library="SeleniumLibrary">
<arg>My account</arg>
<doc>Verifies that current page contains ``text``.</doc>
<msg timestamp="20230307 08:36:15.003" level="INFO">Current page contains text 'My account'.</msg>
<status status="PASS" starttime="20230307 08:36:14.989" endtime="20230307 08:36:15.004"/>
</kw>
<kw name="Sleep" library="BuiltIn">
<arg>5s</arg>
<doc>Pauses the test executed for the given time.</doc>
<msg timestamp="20230307 08:36:20.006" level="INFO">Slept 5 seconds</msg>
<status status="PASS" starttime="20230307 08:36:15.004" endtime="20230307 08:36:20.006"/>
</kw>
<status status="PASS" starttime="20230307 08:35:27.612" endtime="20230307 08:36:20.006"/>
</kw>
<kw name="Search Product" library="ShoppingPage_keywords">
<kw name="Click Element" library="SeleniumLibrary">
<arg>${search_textbox}</arg>
<doc>Click the element identified by ``locator``.</doc>
<msg timestamp="20230307 08:36:20.009" level="INFO">Clicking element '//input[@class='search-field']'.</msg>
<status status="PASS" starttime="20230307 08:36:20.008" endtime="20230307 08:36:20.086"/>
</kw>
<kw name="Input Text" library="SeleniumLibrary">
<arg>${Input_hoodie_search}</arg>
<arg>hoodie</arg>
<doc>Types the given ``text`` into the text field identified by ``locator``.</doc>
<msg timestamp="20230307 08:36:20.087" level="INFO">Typing text 'hoodie' into text field '//input[@id='woocommerce-product-search-field-0']'.</msg>
<status status="PASS" starttime="20230307 08:36:20.087" endtime="20230307 08:36:20.127"/>
</kw>
<kw name="Press Keys" library="SeleniumLibrary">
<arg>${click_enter}</arg>
<arg>ENTER</arg>
<doc>Simulates the user pressing key(s) to an element or on the active browser.</doc>
<msg timestamp="20230307 08:36:20.129" level="INFO">Sending key(s) ('ENTER',) to //input[@id='woocommerce-product-search-field-0'] element.</msg>
<msg timestamp="20230307 08:36:20.424" level="INFO">Pressing special key ENTER to element.</msg>
<msg timestamp="20230307 08:36:20.424" level="INFO">Releasing special key ENTER.</msg>
<status status="PASS" starttime="20230307 08:36:20.127" endtime="20230307 08:36:21.044"/>
</kw>
<status status="PASS" starttime="20230307 08:36:20.007" endtime="20230307 08:36:21.044"/>
</kw>
<kw name="Choosing And Adding product to Cart" library="ShoppingPage_keywords">
<kw name="Click Element" library="SeleniumLibrary">
<arg>${choose_product}</arg>
<doc>Click the element identified by ``locator``.</doc>
<msg timestamp="20230307 08:36:21.044" level="INFO">Clicking element '//h2[contains(text(),'Hoodie with Zipper')]'.</msg>
<status status="PASS" starttime="20230307 08:36:21.044" endtime="20230307 08:36:23.139"/>
</kw>
<kw name="Input Text" library="SeleniumLibrary">
<arg>${update_qty}</arg>
<arg>2</arg>
<doc>Types the given ``text`` into the text field identified by ``locator``.</doc>
<msg timestamp="20230307 08:36:23.139" level="INFO">Typing text '2' into text field '//input[contains(@class,'input-text qty')]'.</msg>
<status status="PASS" starttime="20230307 08:36:23.139" endtime="20230307 08:36:23.317"/>
</kw>
<kw name="Click Element" library="SeleniumLibrary">
<arg>${click_add_cart}</arg>
<doc>Click the element identified by ``locator``.</doc>
<msg timestamp="20230307 08:36:23.318" level="INFO">Clicking element '//button[contains(text(),'Add to cart')]'.</msg>
<status status="PASS" starttime="20230307 08:36:23.317" endtime="20230307 08:36:24.023"/>
</kw>
<status status="PASS" starttime="20230307 08:36:21.044" endtime="20230307 08:36:24.023"/>
</kw>
<kw name="Cart Page" library="ShoppingPage_keywords">
<kw name="Click Element" library="SeleniumLibrary">
<arg>${click_view_cart}</arg>
<doc>Click the element identified by ``locator``.</doc>
<msg timestamp="20230307 08:36:24.023" level="INFO">Clicking element '//a[contains(text(),'View cart')][1]'.</msg>
<status status="PASS" starttime="20230307 08:36:24.023" endtime="20230307 08:36:25.364"/>
</kw>
<kw name="Scroll Element Into View" library="SeleniumLibrary">
<arg>${scroll_down}</arg>
<doc>Scrolls the element identified by ``locator`` into view.</doc>
<status status="PASS" starttime="20230307 08:36:25.364" endtime="20230307 08:36:25.691"/>
</kw>
<kw name="Page Should Contain" library="SeleniumLibrary">
<arg>Cart</arg>
<doc>Verifies that current page contains ``text``.</doc>
<msg timestamp="20230307 08:36:25.726" level="INFO">Current page contains text 'Cart'.</msg>
<status status="PASS" starttime="20230307 08:36:25.691" endtime="20230307 08:36:25.726"/>
</kw>
<kw name="Click Element" library="SeleniumLibrary">
<arg>${choose_options}</arg>
<doc>Click the element identified by ``locator``.</doc>
<msg timestamp="20230307 08:36:25.726" level="INFO">Clicking element '//input[@id='shipping_method_0_free_shipping2']'.</msg>
<status status="PASS" starttime="20230307 08:36:25.726" endtime="20230307 08:36:26.267"/>
</kw>
<kw name="Sleep" library="BuiltIn">
<arg>5s</arg>
<doc>Pauses the test executed for the given time.</doc>
<msg timestamp="20230307 08:36:31.267" level="INFO">Slept 5 seconds</msg>
<status status="PASS" starttime="20230307 08:36:26.267" endtime="20230307 08:36:31.268"/>
</kw>
<kw name="Click Element" library="SeleniumLibrary">
<arg>${click_proceed}</arg>
<doc>Click the element identified by ``locator``.</doc>
<msg timestamp="20230307 08:36:31.270" level="INFO">Clicking element '(//a[@href='http://demostore.supersqa.com/checkout/'])[3]'.</msg>
<status status="PASS" starttime="20230307 08:36:31.268" endtime="20230307 08:36:32.756"/>
</kw>
<kw name="Page Should Contain" library="SeleniumLibrary">
<arg>Checkout</arg>
<doc>Verifies that current page contains ``text``.</doc>
<msg timestamp="20230307 08:36:32.798" level="INFO">Current page contains text 'Checkout'.</msg>
<status status="PASS" starttime="20230307 08:36:32.756" endtime="20230307 08:36:32.798"/>
</kw>
<kw name="Scroll Element Into View" library="SeleniumLibrary">
<arg>${scroll_bottom}</arg>
<doc>Scrolls the element identified by ``locator`` into view.</doc>
<status status="PASS" starttime="20230307 08:36:32.798" endtime="20230307 08:36:33.064"/>
</kw>
<kw name="Input Text" library="SeleniumLibrary">
<arg>${input_firstname}</arg>
<arg>vetri</arg>
<doc>Types the given ``text`` into the text field identified by ``locator``.</doc>
<msg timestamp="20230307 08:36:33.065" level="INFO">Typing text 'vetri' into text field '//input[@id='billing_first_name']'.</msg>
<status status="PASS" starttime="20230307 08:36:33.065" endtime="20230307 08:36:33.539"/>
</kw>
<kw name="Input Text" library="SeleniumLibrary">
<arg>${input_lastname}</arg>
<arg>DV</arg>
<doc>Types the given ``text`` into the text field identified by ``locator``.</doc>
<msg timestamp="20230307 08:36:33.539" level="INFO">Typing text 'DV' into text field '//input[@id='billing_last_name']'.</msg>
<status status="PASS" starttime="20230307 08:36:33.539" endtime="20230307 08:36:34.155"/>
</kw>
<kw name="Input Text" library="SeleniumLibrary">
<arg>${input_companyname}</arg>
<arg>xyz</arg>
<doc>Types the given ``text`` into the text field identified by ``locator``.</doc>
<msg timestamp="20230307 08:36:34.155" level="INFO">Typing text 'xyz' into text field '//input[@id='billing_company']'.</msg>
<status status="PASS" starttime="20230307 08:36:34.155" endtime="20230307 08:36:34.460"/>
</kw>
<kw name="Sleep" library="BuiltIn">
<arg>5s</arg>
<doc>Pauses the test executed for the given time.</doc>
<msg timestamp="20230307 08:36:39.461" level="INFO">Slept 5 seconds</msg>
<status status="PASS" starttime="20230307 08:36:34.460" endtime="20230307 08:36:39.461"/>
</kw>
<kw name="Page Should Contain" library="SeleniumLibrary">
<arg>Total</arg>
<doc>Verifies that current page contains ``text``.</doc>
<msg timestamp="20230307 08:36:39.496" level="INFO">Current page contains text 'Total'.</msg>
<status status="PASS" starttime="20230307 08:36:39.462" endtime="20230307 08:36:39.496"/>
</kw>
<kw name="Close Browser" library="SeleniumLibrary">
<doc>Closes the current browser.</doc>
<status status="PASS" starttime="20230307 08:36:39.496" endtime="20230307 08:36:39.573"/>
</kw>
<status status="PASS" starttime="20230307 08:36:24.023" endtime="20230307 08:36:39.574"/>
</kw>
<status status="PASS" starttime="20230307 08:35:27.612" endtime="20230307 08:36:39.574"/>
</test>
<doc>Keywords for Automation Demo Store Page</doc>
<status status="PASS" starttime="20230307 08:35:27.525" endtime="20230307 08:36:39.574"/>
</suite>
<statistics>
<total>
<stat pass="1" fail="0" skip="0">All Tests</stat>
</total>
<tag>
</tag>
<suite>
<stat pass="1" fail="0" skip="0" id="s1" name="ShoppingPage Testcases">ShoppingPage Testcases</stat>
</suite>
</statistics>
<errors>
</errors>
</robot>
